2025-07-17 11:49:18,042 - PoolApp - INFO - Created default config.json file
2025-07-17 11:49:18,049 - PoolApp - INFO - Created default calibration.json file
2025-07-17 11:49:18,055 - PoolApp - INFO - Created default pad_zones.json file
2025-07-17 11:49:18,057 - PoolApp - INFO - Configuration loaded from config.json
2025-07-17 11:49:18,059 - PoolApp - INFO - Initializing Pool Chemistry Application
2025-07-17 11:49:18,062 - PoolApp - INFO - Database Service initialized with SQLite3 at data/pool_data.db
2025-07-17 11:49:18,095 - PoolApp - INFO - Database initialized successfully
2025-07-17 11:49:18,097 - PoolApp - INFO - Database service initialized successfully
2025-07-17 11:49:18,101 - __main__ - INFO - Initializing Chemical Safety Database
2025-07-17 11:49:18,107 - __main__ - WARNING - Chemical safety data file not found at data/chemical_safety_data.json
2025-07-17 11:49:18,110 - __main__ - INFO - Creating default chemical safety data
2025-07-17 11:49:18,116 - __main__ - INFO - Saved chemical safety data to data/chemical_safety_data.json
2025-07-17 11:49:18,119 - PoolApp - INFO - Chemical safety database initialized successfully
2025-07-17 11:49:18,125 - PoolApp - INFO - Loaded calibration data from data/calibration.json
2025-07-17 11:49:18,128 - PoolApp - INFO - TestStripAnalyzer initialized with brand: default
2025-07-17 11:49:18,134 - PoolApp - INFO - Test strip analyzer initialized successfully
2025-07-17 11:49:18,137 - PoolApp - INFO - Weather Service initialized for location: Florida
2025-07-17 11:49:18,141 - PoolApp - INFO - Weather service initialized successfully
2025-07-17 11:49:18,144 - PoolApp - INFO - ChemicalCalculator initialized
2025-07-17 11:49:18,150 - PoolApp - INFO - DatabaseManager initialized
2025-07-17 11:49:18,152 - PoolApp - INFO - PoolChemistryController initialized
2025-07-17 11:49:18,157 - PoolApp - INFO - Pool Chemistry Application initialized successfully
2025-07-17 11:49:18,159 - PoolApp - INFO - Starting GUI application
2025-07-17 11:49:32,290 - PoolApp - INFO - Saved weather cache to data/weather_cache.json
2025-07-17 11:49:32,321 - PoolApp - INFO - Retrieved weather data for Florida
2025-07-17 11:49:44,814 - PoolApp - INFO - GUI application closed
2025-07-17 11:49:44,853 - PoolApp - INFO - All database connections closed
2025-07-17 11:49:44,860 - PoolApp - INFO - Removed weather cache file: data/weather_cache.json
2025-07-17 11:49:44,863 - PoolApp - INFO - Weather cache cleared
2025-07-17 11:49:44,865 - PoolApp - INFO - Application resources cleaned up
2025-07-17 11:49:44,869 - PoolApp - INFO - All database connections closed
2025-07-17 11:50:50,371 - PoolApp - INFO - Configuration loaded from config.json
2025-07-17 11:50:50,373 - PoolApp - INFO - Initializing Pool Chemistry Application
2025-07-17 11:50:50,376 - database_service - INFO - Database Service initialized with SQLite3 at data/pool_data.db
2025-07-17 11:50:50,378 - database_service - INFO - Database initialized successfully
2025-07-17 11:50:50,380 - PoolApp - INFO - Database service initialized successfully
2025-07-17 11:50:50,383 - chemical_safety_database - INFO - Initializing Chemical Safety Database
2025-07-17 11:50:50,385 - chemical_safety_database - INFO - Loaded chemical safety data for 5 chemicals
2025-07-17 11:50:50,387 - PoolApp - INFO - Chemical safety database initialized successfully
2025-07-17 11:50:50,389 - test_strip_analyzer - INFO - Loaded calibration data from data/calibration.json
2025-07-17 11:50:50,391 - test_strip_analyzer - ERROR - Failed to load pad zones: [Errno 2] No such file or directory: 'services/image_processing/pad_zones.json'
2025-07-17 11:50:50,393 - test_strip_analyzer - INFO - TestStripAnalyzer initialized with brand: default
2025-07-17 11:50:50,395 - PoolApp - INFO - Test strip analyzer initialized successfully
2025-07-17 11:50:50,398 - weather_service - INFO - Weather Service initialized for location: Florida
2025-07-17 11:50:50,400 - PoolApp - INFO - Weather service initialized successfully
2025-07-17 11:50:50,402 - gui_controller - INFO - ChemicalCalculator initialized
2025-07-17 11:50:50,403 - gui_controller - INFO - DatabaseManager initialized
2025-07-17 11:50:50,405 - gui_controller - INFO - PoolChemistryController initialized
2025-07-17 11:50:50,407 - PoolApp - INFO - Pool Chemistry Application initialized successfully
2025-07-17 11:50:50,409 - PoolApp - INFO - Starting GUI application
2025-07-17 11:51:54,518 - PoolApp - INFO - GUI application closed
2025-07-17 11:51:54,542 - database_service - INFO - All database connections closed
2025-07-17 11:51:54,549 - weather_service - INFO - Weather cache cleared
2025-07-17 11:51:54,554 - PoolApp - INFO - Application resources cleaned up
2025-07-17 11:51:54,563 - database_service - INFO - All database connections closed
2025-07-17 11:51:57,979 - PoolApp - INFO - Configuration loaded from config.json
2025-07-17 11:51:57,987 - PoolApp - INFO - Initializing Pool Chemistry Application
2025-07-17 11:51:57,991 - PoolApp - INFO - Database Service initialized with SQLite3 at data/pool_data.db
2025-07-17 11:51:57,999 - PoolApp - INFO - Database initialized successfully
2025-07-17 11:51:58,001 - PoolApp - INFO - Database service initialized successfully
2025-07-17 11:51:58,004 - __main__ - INFO - Initializing Chemical Safety Database
2025-07-17 11:51:58,012 - __main__ - INFO - Loaded chemical safety data for 5 chemicals
2025-07-17 11:51:58,016 - PoolApp - INFO - Chemical safety database initialized successfully
2025-07-17 11:51:58,021 - PoolApp - INFO - Loaded calibration data from data/calibration.json
2025-07-17 11:51:58,025 - PoolApp - INFO - TestStripAnalyzer initialized with brand: default
2025-07-17 11:51:58,034 - PoolApp - INFO - Test strip analyzer initialized successfully
2025-07-17 11:51:58,039 - PoolApp - INFO - Weather Service initialized for location: Florida
2025-07-17 11:51:58,041 - PoolApp - INFO - Weather service initialized successfully
2025-07-17 11:51:58,050 - PoolApp - INFO - ChemicalCalculator initialized
2025-07-17 11:51:58,053 - PoolApp - INFO - DatabaseManager initialized
2025-07-17 11:51:58,056 - PoolApp - INFO - PoolChemistryController initialized
2025-07-17 11:51:58,059 - PoolApp - INFO - Pool Chemistry Application initialized successfully
2025-07-17 11:51:58,063 - PoolApp - INFO - Starting GUI application
2025-07-17 11:51:59,692 - PoolApp - INFO - GUI application closed
2025-07-17 11:51:59,718 - PoolApp - INFO - All database connections closed
2025-07-17 11:51:59,723 - PoolApp - INFO - Weather cache cleared
2025-07-17 11:51:59,726 - PoolApp - INFO - Application resources cleaned up
2025-07-17 11:51:59,741 - PoolApp - INFO - All database connections closed
2025-07-17 11:52:29,712 - PoolApp - INFO - Configuration loaded from config.json
2025-07-17 11:52:29,714 - PoolApp - INFO - Initializing Pool Chemistry Application
2025-07-17 11:52:29,716 - PoolApp - INFO - Database Service initialized with SQLite3 at data/pool_data.db
2025-07-17 11:52:29,719 - PoolApp - INFO - Database initialized successfully
2025-07-17 11:52:29,721 - PoolApp - INFO - Database service initialized successfully
2025-07-17 11:52:29,722 - __main__ - INFO - Initializing Chemical Safety Database
2025-07-17 11:52:29,724 - __main__ - INFO - Loaded chemical safety data for 5 chemicals
2025-07-17 11:52:29,726 - PoolApp - INFO - Chemical safety database initialized successfully
2025-07-17 11:52:29,728 - PoolApp - INFO - Loaded calibration data from data/calibration.json
2025-07-17 11:52:29,730 - PoolApp - INFO - TestStripAnalyzer initialized with brand: default
2025-07-17 11:52:29,731 - PoolApp - INFO - Test strip analyzer initialized successfully
2025-07-17 11:52:29,734 - PoolApp - INFO - Weather Service initialized for location: Florida
2025-07-17 11:52:29,736 - PoolApp - INFO - Weather service initialized successfully
2025-07-17 11:52:29,738 - PoolApp - INFO - ChemicalCalculator initialized
2025-07-17 11:52:29,739 - PoolApp - INFO - DatabaseManager initialized
2025-07-17 11:52:29,741 - PoolApp - INFO - PoolChemistryController initialized
2025-07-17 11:52:29,743 - PoolApp - INFO - Pool Chemistry Application initialized successfully
2025-07-17 11:52:29,745 - PoolApp - INFO - Starting GUI application
2025-07-17 11:52:31,922 - PoolApp - INFO - Saved weather cache to data/weather_cache.json
2025-07-17 11:52:31,957 - PoolApp - INFO - Retrieved weather data for Florida
2025-07-17 11:52:36,614 - PoolApp - INFO - GUI application closed
2025-07-17 11:52:36,631 - PoolApp - INFO - All database connections closed
2025-07-17 11:52:36,637 - PoolApp - INFO - Removed weather cache file: data/weather_cache.json
2025-07-17 11:52:36,640 - PoolApp - INFO - Weather cache cleared
2025-07-17 11:52:36,645 - PoolApp - INFO - Application resources cleaned up
2025-07-17 11:52:36,648 - PoolApp - INFO - All database connections closed
2025-07-17 11:55:06,689 - PoolApp - INFO - Configuration loaded from config.json
2025-07-17 11:55:06,692 - PoolApp - INFO - Initializing Pool Chemistry Application
2025-07-17 11:55:06,694 - PoolApp - INFO - Database Service initialized with SQLite3 at data/pool_data.db
2025-07-17 11:55:06,697 - PoolApp - INFO - Database initialized successfully
2025-07-17 11:55:06,699 - PoolApp - INFO - Database service initialized successfully
2025-07-17 11:55:06,700 - __main__ - INFO - Initializing Chemical Safety Database
2025-07-17 11:55:06,704 - __main__ - INFO - Loaded chemical safety data for 5 chemicals
2025-07-17 11:55:06,705 - PoolApp - INFO - Chemical safety database initialized successfully
2025-07-17 11:55:06,708 - PoolApp - INFO - Loaded calibration data from data/calibration.json
2025-07-17 11:55:06,713 - PoolApp - INFO - TestStripAnalyzer initialized with brand: default
2025-07-17 11:55:06,715 - PoolApp - INFO - Test strip analyzer initialized successfully
2025-07-17 11:55:06,717 - PoolApp - INFO - Weather Service initialized for location: Florida
2025-07-17 11:55:06,719 - PoolApp - INFO - Weather service initialized successfully
2025-07-17 11:55:06,721 - PoolApp - INFO - ChemicalCalculator initialized
2025-07-17 11:55:06,724 - PoolApp - INFO - DatabaseManager initialized
2025-07-17 11:55:06,726 - PoolApp - INFO - PoolChemistryController initialized
2025-07-17 11:55:06,728 - PoolApp - INFO - Pool Chemistry Application initialized successfully
2025-07-17 11:55:06,730 - PoolApp - INFO - Starting GUI application
2025-07-17 11:57:10,757 - PoolApp - INFO - Calculated chemicals for Concrete/Gunite pool
2025-07-17 12:47:59,982 - PoolApp - INFO - GUI application closed
2025-07-17 12:48:00,001 - PoolApp - INFO - All database connections closed
2025-07-17 12:48:00,004 - PoolApp - INFO - Weather cache cleared
2025-07-17 12:48:00,012 - PoolApp - INFO - Application resources cleaned up
2025-07-17 12:48:00,019 - PoolApp - INFO - All database connections closed
2025-07-17 14:18:26,629 - RunScript - ERROR - Required directory 'services/image_processing' not found.
2025-07-17 14:18:26,632 - RunScript - WARNING - Environment is not properly set up. Running setup...
2025-07-17 14:18:26,634 - RunScript - INFO - Running setup script...
2025-07-17 14:18:27,310 - RunScript - ERROR - Setup failed. Please check the output above for details.
2025-07-17 14:18:27,337 - RunScript - ERROR - Failed to set up environment. Exiting.
2025-07-17 14:18:36,715 - RunScript - ERROR - Required directory 'services/image_processing' not found.
2025-07-17 14:18:36,720 - RunScript - WARNING - Environment is not properly set up. Running setup...
2025-07-17 14:18:36,728 - RunScript - INFO - Running setup script...
2025-07-17 14:18:37,359 - RunScript - ERROR - Setup failed. Please check the output above for details.
2025-07-17 14:18:37,362 - RunScript - ERROR - Failed to set up environment. Exiting.
2025-07-17 14:26:46,490 - RunScript - INFO - Starting application in GUI mode...
2025-07-17 14:26:46,561 - RunScript - ERROR - Application failed to start in GUI mode.
2025-07-17 14:28:02,655 - RunScript - INFO - Starting application in GUI mode...
2025-07-17 14:28:02,727 - RunScript - ERROR - Application failed to start in GUI mode.
2025-07-17 14:28:23,930 - RunScript - INFO - Starting application in GUI mode...
2025-07-17 14:28:23,996 - RunScript - ERROR - Application failed to start in GUI mode.
2025-07-17 14:29:30,925 - RunScript - INFO - Starting application in GUI mode...
2025-07-17 14:29:30,995 - RunScript - ERROR - Application failed to start in GUI mode.
2025-07-17 16:09:28,490 - RunScript - INFO - Starting application in GUI mode...
2025-07-17 16:09:28,593 - RunScript - ERROR - Application failed to start in GUI mode: Command '['C:\\Users\\valca\\AppData\\Local\\Programs\\Python\\Python310\\pythonw.exe', 'main.py']' returned non-zero exit status 1.
2025-07-17 16:10:32,156 - RunScript - INFO - Starting application in GUI mode...
2025-07-17 16:10:32,244 - RunScript - ERROR - Application failed to start in GUI mode: Command '['C:\\Users\\valca\\AppData\\Local\\Programs\\Python\\Python310\\pythonw.exe', 'main.py']' returned non-zero exit status 1.
2025-07-17 16:31:15,550 - RunScript - INFO - Starting application in minimal CLI mode...
2025-07-17 16:34:01,998 - PoolApp - INFO - Configuration loaded from config.json
2025-07-17 16:34:02,001 - PoolApp - INFO - Initializing Pool Chemistry Application
2025-07-17 16:34:02,002 - database_service - INFO - Database Service initialized with SQLite3 at data/pool_data.db
2025-07-17 16:34:02,004 - database_service - INFO - Database initialized successfully
2025-07-17 16:34:02,005 - PoolApp - INFO - Database service initialized successfully
2025-07-17 16:34:02,006 - chemical_safety_database - INFO - Initializing Chemical Safety Database
2025-07-17 16:34:02,007 - chemical_safety_database - INFO - Loaded chemical safety data for 5 chemicals
2025-07-17 16:34:02,008 - PoolApp - INFO - Chemical safety database initialized successfully
2025-07-17 16:34:02,010 - test_strip_analyzer - INFO - Loaded calibration data from data/calibration.json
2025-07-17 16:34:02,011 - test_strip_analyzer - INFO - TestStripAnalyzer initialized with brand: default
2025-07-17 16:34:02,012 - PoolApp - INFO - Test strip analyzer initialized successfully
2025-07-17 16:34:02,013 - weather_service - INFO - Weather Service initialized for location: Florida
2025-07-17 16:34:02,014 - PoolApp - INFO - Weather service initialized successfully
2025-07-17 16:34:02,015 - gui_controller - INFO - ChemicalCalculator initialized
2025-07-17 16:34:02,017 - gui_controller - INFO - DatabaseManager initialized
2025-07-17 16:34:02,018 - gui_controller - INFO - PoolChemistryController initialized
2025-07-17 16:34:02,020 - PoolApp - INFO - Pool Chemistry Application initialized successfully
2025-07-17 16:34:02,023 - PoolApp - INFO - Starting GUI application
2025-07-17 16:35:11,937 - PoolApp - INFO - Configuration loaded from config.json
2025-07-17 16:35:11,942 - PoolApp - INFO - Initializing Pool Chemistry Application
2025-07-17 16:35:11,945 - database_service - INFO - Database Service initialized with SQLite3 at data/pool_data.db
2025-07-17 16:35:11,948 - database_service - INFO - Database initialized successfully
2025-07-17 16:35:11,949 - PoolApp - INFO - Database service initialized successfully
2025-07-17 16:35:11,951 - chemical_safety_database - INFO - Initializing Chemical Safety Database
2025-07-17 16:35:11,954 - chemical_safety_database - INFO - Loaded chemical safety data for 5 chemicals
2025-07-17 16:35:11,955 - PoolApp - INFO - Chemical safety database initialized successfully
2025-07-17 16:35:11,959 - test_strip_analyzer - INFO - Loaded calibration data from data/calibration.json
2025-07-17 16:35:11,961 - test_strip_analyzer - INFO - TestStripAnalyzer initialized with brand: default
2025-07-17 16:35:11,963 - PoolApp - INFO - Test strip analyzer initialized successfully
2025-07-17 16:35:11,965 - weather_service - INFO - Weather Service initialized for location: Florida
2025-07-17 16:35:11,967 - PoolApp - INFO - Weather service initialized successfully
2025-07-17 16:35:11,969 - gui_controller - INFO - ChemicalCalculator initialized
2025-07-17 16:35:11,971 - gui_controller - INFO - DatabaseManager initialized
2025-07-17 16:35:11,972 - gui_controller - INFO - PoolChemistryController initialized
2025-07-17 16:35:11,975 - PoolApp - INFO - Pool Chemistry Application initialized successfully
2025-07-17 16:35:11,976 - PoolApp - INFO - Starting GUI application
2025-07-17 16:47:30,040 - PoolApp - INFO - Configuration loaded from config.json
2025-07-17 16:47:30,081 - PoolApp - INFO - Initializing Pool Chemistry Application
2025-07-17 16:47:30,085 - database_service - INFO - Database Service initialized with SQLite3 at data/pool_data.db
2025-07-17 16:47:30,089 - database_service - INFO - Database initialized successfully
2025-07-17 16:47:30,094 - PoolApp - INFO - Database service initialized successfully
2025-07-17 16:47:30,098 - chemical_safety_database - INFO - Initializing Chemical Safety Database
2025-07-17 16:47:30,101 - chemical_safety_database - INFO - Loaded chemical safety data for 5 chemicals
2025-07-17 16:47:30,104 - PoolApp - INFO - Chemical safety database initialized successfully
2025-07-17 16:47:30,107 - test_strip_analyzer - INFO - Loaded calibration data from data/calibration.json
2025-07-17 16:47:30,112 - test_strip_analyzer - INFO - TestStripAnalyzer initialized with brand: default
2025-07-17 16:47:30,115 - PoolApp - INFO - Test strip analyzer initialized successfully
2025-07-17 16:47:30,118 - weather_service - INFO - Weather Service initialized for location: Florida
2025-07-17 16:47:30,121 - PoolApp - INFO - Weather service initialized successfully
2025-07-17 16:47:30,125 - gui_controller - INFO - ChemicalCalculator initialized
2025-07-17 16:47:30,129 - gui_controller - INFO - DatabaseManager initialized
2025-07-17 16:47:30,134 - gui_controller - INFO - PoolChemistryController initialized
2025-07-17 16:47:30,136 - PoolApp - INFO - Pool Chemistry Application initialized successfully
2025-07-17 16:47:30,141 - PoolApp - INFO - Starting GUI application
2025-07-17 16:47:41,886 - test_strip_analyzer - ERROR - Test strip image not found: assets/images/test_strip.jpg
2025-07-17 16:47:54,395 - test_strip_analyzer - ERROR - No image captured for analysis
2025-07-17 16:48:08,679 - weather_service - INFO - Saved weather cache to data/weather_cache.json
2025-07-17 16:48:08,683 - weather_service - INFO - Retrieved weather data for Florida
2025-07-17 16:48:08,696 - weather_service - INFO - Saved weather cache to data/weather_cache.json
2025-07-17 16:48:08,699 - weather_service - INFO - Retrieved 3-day forecast for Florida
2025-07-17 16:48:10,703 - weather_service - INFO - Removed weather cache file: data/weather_cache.json
2025-07-17 16:48:10,714 - weather_service - INFO - Weather cache cleared
2025-07-17 16:48:10,732 - weather_service - INFO - Saved weather cache to data/weather_cache.json
2025-07-17 16:48:10,740 - weather_service - INFO - Retrieved weather data for Florida
2025-07-17 16:48:10,754 - weather_service - INFO - Saved weather cache to data/weather_cache.json
2025-07-17 16:48:10,764 - weather_service - INFO - Retrieved 3-day forecast for Florida
2025-07-17 16:48:18,964 - weather_service - INFO - Removed weather cache file: data/weather_cache.json
2025-07-17 16:48:19,013 - weather_service - INFO - Weather cache cleared
2025-07-17 16:48:19,044 - weather_service - INFO - Saved weather cache to data/weather_cache.json
2025-07-17 16:48:19,052 - weather_service - INFO - Retrieved weather data for Florida
2025-07-17 16:48:19,064 - weather_service - INFO - Saved weather cache to data/weather_cache.json
2025-07-17 16:48:19,069 - weather_service - INFO - Retrieved 3-day forecast for Florida
2025-07-17 16:48:37,989 - gui_controller - INFO - Calculated chemicals for Concrete/Gunite pool
2025-07-17 16:48:38,001 - gui_controller - INFO - Inserting test for location: Unknown
2025-07-17 16:48:38,009 - gui_controller - INFO - Inserting test result: 1, pH, 6.0, 
2025-07-17 16:48:38,015 - gui_controller - INFO - Inserting recommendation for pH: Add pH increaser to raise pH level
2025-07-17 16:48:38,024 - gui_controller - INFO - Inserting test result: 1, Chlorine, 1.0, ppm
2025-07-17 16:48:38,029 - gui_controller - INFO - Inserting recommendation for Chlorine: Chlorine level is within ideal range
2025-07-17 16:48:38,036 - gui_controller - INFO - Inserting test result: 1, Alkalinity, 70.0, ppm
2025-07-17 16:48:38,042 - gui_controller - INFO - Inserting recommendation for Alkalinity: Add alkalinity increaser to raise level
2025-07-17 16:48:38,048 - gui_controller - INFO - Inserting test result: 1, Calcium Hardness, 140.0, ppm
2025-07-17 16:48:38,056 - gui_controller - INFO - Inserting recommendation for Calcium Hardness: Add calcium hardness increaser to raise level
2025-07-17 16:48:38,062 - gui_controller - INFO - Exporting test results to CSV for test ID: 1
2025-07-17 16:48:38,066 - gui_controller - INFO - Test results saved with ID 1
2025-07-17 16:48:40,610 - gui_controller - INFO - Calculated chemicals for Concrete/Gunite pool
2025-07-17 16:48:40,622 - gui_controller - INFO - Inserting test for location: Unknown
2025-07-17 16:48:40,630 - gui_controller - INFO - Inserting test result: 1, pH, 6.0, 
2025-07-17 16:48:40,637 - gui_controller - INFO - Inserting recommendation for pH: Add pH increaser to raise pH level
2025-07-17 16:48:40,645 - gui_controller - INFO - Inserting test result: 1, Chlorine, 1.0, ppm
2025-07-17 16:48:40,650 - gui_controller - INFO - Inserting recommendation for Chlorine: Chlorine level is within ideal range
2025-07-17 16:48:40,656 - gui_controller - INFO - Inserting test result: 1, Alkalinity, 70.0, ppm
2025-07-17 16:48:40,666 - gui_controller - INFO - Inserting recommendation for Alkalinity: Add alkalinity increaser to raise level
2025-07-17 16:48:40,671 - gui_controller - INFO - Inserting test result: 1, Calcium Hardness, 140.0, ppm
2025-07-17 16:48:40,678 - gui_controller - INFO - Inserting recommendation for Calcium Hardness: Add calcium hardness increaser to raise level
2025-07-17 16:48:40,684 - gui_controller - INFO - Exporting test results to CSV for test ID: 1
2025-07-17 16:48:40,687 - gui_controller - INFO - Test results saved with ID 1
2025-07-17 17:12:16,326 - RunScript - INFO - Starting application in GUI mode...
2025-07-17 17:13:45,047 - PoolApp - INFO - Configuration loaded from config.json
2025-07-17 17:13:45,065 - PoolApp - INFO - Initializing Pool Chemistry Application
2025-07-17 17:13:45,070 - database_service - INFO - Database Service initialized with SQLite3 at data/pool_data.db
2025-07-17 17:13:45,086 - database_service - INFO - Database initialized successfully
2025-07-17 17:13:45,089 - PoolApp - INFO - Database service initialized successfully
2025-07-17 17:13:45,104 - chemical_safety_database - INFO - Initializing Chemical Safety Database
2025-07-17 17:13:45,116 - chemical_safety_database - INFO - Loaded chemical safety data for 5 chemicals
2025-07-17 17:13:45,120 - PoolApp - INFO - Chemical safety database initialized successfully
2025-07-17 17:13:45,130 - test_strip_analyzer - INFO - Loaded calibration data from data/calibration.json
2025-07-17 17:13:45,134 - test_strip_analyzer - INFO - TestStripAnalyzer initialized with brand: default
2025-07-17 17:13:45,138 - PoolApp - INFO - Test strip analyzer initialized successfully
2025-07-17 17:13:45,144 - weather_service - INFO - Loaded weather cache from data/weather_cache.json
2025-07-17 17:13:45,149 - weather_service - INFO - Weather Service initialized for location: Florida
2025-07-17 17:13:45,153 - PoolApp - INFO - Weather service initialized successfully
2025-07-17 17:13:45,157 - gui_controller - INFO - ChemicalCalculator initialized
2025-07-17 17:13:45,162 - gui_controller - INFO - DatabaseManager initialized
2025-07-17 17:13:45,166 - gui_controller - INFO - PoolChemistryController initialized
2025-07-17 17:13:45,170 - PoolApp - INFO - Pool Chemistry Application initialized successfully
2025-07-17 17:13:45,174 - PoolApp - INFO - Starting GUI application
2025-07-17 17:13:52,766 - test_strip_analyzer - ERROR - Test strip image not found: assets/images/test_strip.jpg
2025-07-17 17:14:05,374 - test_strip_analyzer - ERROR - No image captured for analysis
2025-07-17 17:16:21,038 - PoolApp - INFO - Configuration loaded from config.json
2025-07-17 17:16:21,058 - PoolApp - INFO - Initializing Pool Chemistry Application
2025-07-17 17:16:21,060 - database_service - INFO - Database Service initialized with SQLite3 at data/pool_data.db
2025-07-17 17:16:21,063 - database_service - INFO - Database initialized successfully
2025-07-17 17:16:21,066 - PoolApp - INFO - Database service initialized successfully
2025-07-17 17:16:21,068 - chemical_safety_database - INFO - Initializing Chemical Safety Database
2025-07-17 17:16:21,070 - chemical_safety_database - INFO - Loaded chemical safety data for 5 chemicals
2025-07-17 17:16:21,072 - PoolApp - INFO - Chemical safety database initialized successfully
2025-07-17 17:16:21,075 - test_strip_analyzer - INFO - Loaded calibration data from data/calibration.json
2025-07-17 17:16:21,078 - test_strip_analyzer - INFO - TestStripAnalyzer initialized with brand: default
2025-07-17 17:16:21,080 - PoolApp - INFO - Test strip analyzer initialized successfully
2025-07-17 17:16:21,083 - weather_service - INFO - Loaded weather cache from data/weather_cache.json
2025-07-17 17:16:21,085 - weather_service - INFO - Weather Service initialized for location: Florida
2025-07-17 17:16:21,088 - PoolApp - INFO - Weather service initialized successfully
2025-07-17 17:16:21,090 - gui_controller - INFO - ChemicalCalculator initialized
2025-07-17 17:16:21,092 - gui_controller - INFO - DatabaseManager initialized
2025-07-17 17:16:21,094 - gui_controller - INFO - PoolChemistryController initialized
2025-07-17 17:16:21,098 - PoolApp - INFO - Pool Chemistry Application initialized successfully
2025-07-17 17:16:21,102 - PoolApp - INFO - Starting GUI application
2025-07-17 17:16:21,200 - PoolApp - ERROR - Error initializing Arduino Monitor: No module named 'app.arduino_monitor'
2025-07-17 17:16:21,208 - PoolApp - ERROR - Traceback (most recent call last):
  File "C:\Scripts\deepbluepool\pool_app.py", line 191, in run_gui
    from app.arduino_monitor import ArduinoMonitorApp
ModuleNotFoundError: No module named 'app.arduino_monitor'

2025-07-17 17:16:32,075 - test_strip_analyzer - ERROR - No image captured for analysis
2025-07-18 07:54:59,092 - PoolApp - INFO - Configuration loaded from config.json
2025-07-18 07:54:59,095 - PoolApp - INFO - Initializing Pool Chemistry Application
2025-07-18 07:54:59,102 - database_service - INFO - Database Service initialized with SQLite3 at data/pool_data.db
2025-07-18 07:54:59,107 - database_service - INFO - Database initialized successfully
2025-07-18 07:54:59,113 - PoolApp - INFO - Database service initialized successfully
2025-07-18 07:54:59,115 - chemical_safety_database - INFO - Initializing Chemical Safety Database
2025-07-18 07:54:59,124 - chemical_safety_database - INFO - Loaded chemical safety data for 5 chemicals
2025-07-18 07:54:59,130 - PoolApp - INFO - Chemical safety database initialized successfully
2025-07-18 07:54:59,133 - test_strip_analyzer - INFO - Loaded calibration data from data/calibration.json
2025-07-18 07:54:59,141 - test_strip_analyzer - INFO - TestStripAnalyzer initialized with brand: default
2025-07-18 07:54:59,146 - PoolApp - INFO - Test strip analyzer initialized successfully
2025-07-18 07:54:59,149 - weather_service - INFO - Loaded weather cache from data/weather_cache.json
2025-07-18 07:54:59,157 - weather_service - INFO - Weather Service initialized for location: Florida
2025-07-18 07:54:59,163 - PoolApp - INFO - Weather service initialized successfully
2025-07-18 07:54:59,165 - gui_controller - INFO - ChemicalCalculator initialized
2025-07-18 07:54:59,173 - gui_controller - INFO - DatabaseManager initialized
2025-07-18 07:54:59,176 - gui_controller - INFO - PoolChemistryController initialized
2025-07-18 07:54:59,182 - PoolApp - INFO - Pool Chemistry Application initialized successfully
2025-07-18 07:54:59,187 - PoolApp - INFO - Starting GUI application
2025-07-18 07:54:59,295 - PoolApp - ERROR - Error initializing Arduino Monitor: No module named 'arduino_monitor_app'
2025-07-18 07:54:59,298 - PoolApp - ERROR - Traceback (most recent call last):
  File "C:\Scripts\deepbluepool\pool_app.py", line 191, in run_gui
    from app.arduino_monitor import ArduinoMonitorApp
ImportError: cannot import name 'ArduinoMonitorApp' from 'app.arduino_monitor' (C:\Scripts\deepbluepool\app\arduino_monitor\__init__.py)

During handling of the above exception, another exception occurred:

Traceback (most recent call last):
  File "C:\Scripts\deepbluepool\pool_app.py", line 195, in run_gui
    from arduino_monitor import ArduinoMonitorApp
ModuleNotFoundError: No module named 'arduino_monitor'

During handling of the above exception, another exception occurred:

Traceback (most recent call last):
  File "C:\Scripts\deepbluepool\pool_app.py", line 198, in run_gui
    from arduino_monitor_app import ArduinoMonitorApp
ModuleNotFoundError: No module named 'arduino_monitor_app'

2025-07-18 07:55:17,645 - test_strip_analyzer - ERROR - No image captured for analysis
2025-07-18 07:55:20,423 - test_strip_analyzer - ERROR - Test strip image not found: assets/images/test_strip.jpg
2025-07-18 07:55:43,160 - weather_service - INFO - Removed weather cache file: data/weather_cache.json
2025-07-18 07:55:43,197 - weather_service - INFO - Weather cache cleared
2025-07-18 07:55:43,215 - weather_service - INFO - Saved weather cache to data/weather_cache.json
2025-07-18 07:55:43,219 - weather_service - INFO - Retrieved weather data for Florida
2025-07-18 07:55:43,238 - weather_service - INFO - Saved weather cache to data/weather_cache.json
2025-07-18 07:55:43,245 - weather_service - INFO - Retrieved 3-day forecast for Florida
2025-07-18 07:57:01,180 - gui_controller - INFO - Calculated chemicals for Concrete/Gunite pool
2025-07-18 07:57:01,214 - gui_controller - INFO - Inserting test for location: Unknown
2025-07-18 07:57:01,218 - gui_controller - INFO - Inserting test result: 1, pH, 6.0, 
2025-07-18 07:57:01,223 - gui_controller - INFO - Inserting recommendation for pH: Add pH increaser to raise pH level
2025-07-18 07:57:01,230 - gui_controller - INFO - Inserting test result: 1, Chlorine, 1.0, ppm
2025-07-18 07:57:01,240 - gui_controller - INFO - Inserting recommendation for Chlorine: Chlorine level is within ideal range
2025-07-18 07:57:01,247 - gui_controller - INFO - Inserting test result: 1, Alkalinity, 100.0, ppm
2025-07-18 07:57:01,256 - gui_controller - INFO - Inserting recommendation for Alkalinity: Alkalinity level is within ideal range
2025-07-18 07:57:01,260 - gui_controller - INFO - Inserting test result: 1, Calcium Hardness, 199.0, ppm
2025-07-18 07:57:01,269 - gui_controller - INFO - Inserting recommendation for Calcium Hardness: Add calcium hardness increaser to raise level
2025-07-18 07:57:01,272 - gui_controller - INFO - Exporting test results to CSV for test ID: 1
2025-07-18 07:57:01,275 - gui_controller - INFO - Test results saved with ID 1
2025-07-18 08:06:36,919 - PoolApp - INFO - Configuration loaded from config.json
2025-07-18 08:06:36,943 - PoolApp - INFO - Initializing Pool Chemistry Application
2025-07-18 08:06:36,947 - database_service - INFO - Database Service initialized with SQLite3 at data/pool_data.db
2025-07-18 08:06:36,955 - database_service - INFO - Database initialized successfully
2025-07-18 08:06:36,961 - PoolApp - INFO - Database service initialized successfully
2025-07-18 08:06:36,964 - chemical_safety_database - INFO - Initializing Chemical Safety Database
2025-07-18 08:06:36,971 - chemical_safety_database - INFO - Loaded chemical safety data for 2 chemicals
2025-07-18 08:06:36,976 - PoolApp - INFO - Chemical safety database initialized successfully
2025-07-18 08:06:36,979 - test_strip_analyzer - INFO - Loaded calibration data from data/calibration.json
2025-07-18 08:06:36,986 - test_strip_analyzer - INFO - TestStripAnalyzer initialized with brand: default
2025-07-18 08:06:36,989 - PoolApp - INFO - Test strip analyzer initialized successfully
2025-07-18 08:06:36,998 - weather_service - INFO - Loaded weather cache from data/weather_cache.json
2025-07-18 08:06:37,001 - weather_service - INFO - Weather Service initialized for location: Florida
2025-07-18 08:06:37,007 - PoolApp - INFO - Weather service initialized successfully
2025-07-18 08:06:37,010 - gui_controller - INFO - ChemicalCalculator initialized
2025-07-18 08:06:37,016 - gui_controller - INFO - DatabaseManager initialized
2025-07-18 08:06:37,019 - gui_controller - INFO - PoolChemistryController initialized
2025-07-18 08:06:37,026 - PoolApp - INFO - Pool Chemistry Application initialized successfully
2025-07-18 08:06:37,028 - PoolApp - INFO - Starting GUI application
2025-07-18 08:06:37,137 - arduino_monitor - INFO - Initializing Arduino Monitor (Simplified)
2025-07-18 08:06:37,148 - arduino_monitor - INFO - Arduino Monitor initialized
2025-07-18 08:06:37,151 - PoolApp - INFO - Arduino Monitor initialized successfully
2025-07-18 08:07:05,280 - test_strip_analyzer - ERROR - No image captured for analysis
2025-07-18 08:07:09,522 - test_strip_analyzer - ERROR - No image captured for analysis
2025-07-18 08:07:12,266 - test_strip_analyzer - ERROR - Test strip image not found: assets/images/test_strip.jpg
2025-07-18 08:07:36,998 - weather_service - INFO - Removed weather cache file: data/weather_cache.json
2025-07-18 08:07:37,012 - weather_service - INFO - Weather cache cleared
2025-07-18 08:07:37,030 - weather_service - INFO - Saved weather cache to data/weather_cache.json
2025-07-18 08:07:37,039 - weather_service - INFO - Retrieved weather data for Florida
2025-07-18 08:07:37,050 - weather_service - INFO - Saved weather cache to data/weather_cache.json
2025-07-18 08:07:37,054 - weather_service - INFO - Retrieved 3-day forecast for Florida
2025-07-18 08:07:50,111 - gui_controller - INFO - Calculated chemicals for Concrete/Gunite pool
2025-07-18 08:07:50,120 - gui_controller - INFO - Inserting test for location: Unknown
2025-07-18 08:07:50,123 - gui_controller - INFO - Inserting test result: 1, pH, 6.0, 
2025-07-18 08:07:50,130 - gui_controller - INFO - Inserting recommendation for pH: Add pH increaser to raise pH level
2025-07-18 08:07:50,139 - gui_controller - INFO - Inserting test result: 1, Chlorine, 1.0, ppm
2025-07-18 08:07:50,142 - gui_controller - INFO - Inserting recommendation for Chlorine: Chlorine level is within ideal range
2025-07-18 08:07:50,146 - gui_controller - INFO - Inserting test result: 1, Alkalinity, 224.0, ppm
2025-07-18 08:07:50,152 - gui_controller - INFO - Inserting recommendation for Alkalinity: Add acid to lower alkalinity level
2025-07-18 08:07:50,155 - gui_controller - INFO - Inserting test result: 1, Calcium Hardness, 250.0, ppm
2025-07-18 08:07:50,163 - gui_controller - INFO - Inserting recommendation for Calcium Hardness: Calcium hardness level is within ideal range
2025-07-18 08:07:50,172 - gui_controller - INFO - Exporting test results to CSV for test ID: 1
2025-07-18 08:07:50,179 - gui_controller - INFO - Test results saved with ID 1
2025-07-18 08:21:15,603 - PoolApp - INFO - Configuration loaded from config.json
2025-07-18 08:21:15,606 - PoolApp - INFO - Initializing Pool Chemistry Application
2025-07-18 08:21:15,613 - database_service - INFO - Database Service initialized with SQLite3 at data/pool_data.db
2025-07-18 08:21:15,617 - database_service - INFO - Database initialized successfully
2025-07-18 08:21:15,623 - PoolApp - INFO - Database service initialized successfully
2025-07-18 08:21:15,626 - chemical_safety_database - INFO - Initializing Chemical Safety Database
2025-07-18 08:21:15,633 - chemical_safety_database - INFO - Loaded chemical safety data for 2 chemicals
2025-07-18 08:21:15,636 - PoolApp - INFO - Chemical safety database initialized successfully
2025-07-18 08:21:15,644 - test_strip_analyzer - INFO - Loaded calibration data from data/calibration.json
2025-07-18 08:21:15,650 - test_strip_analyzer - INFO - TestStripAnalyzer initialized with brand: default
2025-07-18 08:21:15,653 - PoolApp - INFO - Test strip analyzer initialized successfully
2025-07-18 08:21:15,660 - weather_service - INFO - Loaded weather cache from data/weather_cache.json
2025-07-18 08:21:15,667 - weather_service - INFO - Weather Service initialized for location: Florida
2025-07-18 08:21:15,669 - PoolApp - INFO - Weather service initialized successfully
2025-07-18 08:21:15,676 - gui_controller - INFO - ChemicalCalculator initialized
2025-07-18 08:21:15,683 - gui_controller - INFO - DatabaseManager initialized
2025-07-18 08:21:15,686 - gui_controller - INFO - PoolChemistryController initialized
2025-07-18 08:21:15,693 - PoolApp - INFO - Pool Chemistry Application initialized successfully
2025-07-18 08:21:15,695 - PoolApp - INFO - Starting GUI application
2025-07-18 08:21:15,815 - arduino_monitor - INFO - Initializing Arduino Monitor (Simplified)
2025-07-18 08:21:15,820 - arduino_monitor - INFO - Arduino Monitor initialized
2025-07-18 08:21:15,823 - PoolApp - INFO - Arduino Monitor initialized successfully
2025-07-18 08:21:42,398 - test_strip_analyzer - ERROR - No image captured for analysis
2025-07-18 08:21:44,895 - test_strip_analyzer - ERROR - Test strip image not found: assets/images/test_strip.jpg
2025-07-18 08:22:21,181 - weather_service - INFO - Removed weather cache file: data/weather_cache.json
2025-07-18 08:22:21,187 - weather_service - INFO - Weather cache cleared
2025-07-18 08:22:21,203 - weather_service - INFO - Saved weather cache to data/weather_cache.json
2025-07-18 08:22:21,212 - weather_service - INFO - Retrieved weather data for Florida
2025-07-18 08:22:21,225 - weather_service - INFO - Saved weather cache to data/weather_cache.json
2025-07-18 08:22:21,231 - weather_service - INFO - Retrieved 3-day forecast for Florida
2025-07-18 08:22:55,487 - gui_controller - INFO - Calculated chemicals for Concrete/Gunite pool
2025-07-18 08:22:55,496 - gui_controller - INFO - Inserting test for location: Unknown
2025-07-18 08:22:55,502 - gui_controller - INFO - Inserting test result: 1, pH, 6.0, 
2025-07-18 08:22:55,510 - gui_controller - INFO - Inserting recommendation for pH: Add pH increaser to raise pH level
2025-07-18 08:22:55,518 - gui_controller - INFO - Inserting test result: 1, Chlorine, 1.0, ppm
2025-07-18 08:22:55,522 - gui_controller - INFO - Inserting recommendation for Chlorine: Chlorine level is within ideal range
2025-07-18 08:22:55,528 - gui_controller - INFO - Inserting test result: 1, Alkalinity, 88.0, ppm
2025-07-18 08:22:55,536 - gui_controller - INFO - Inserting recommendation for Alkalinity: Alkalinity level is within ideal range
2025-07-18 08:22:55,543 - gui_controller - INFO - Inserting test result: 1, Calcium Hardness, 200.0, ppm
2025-07-18 08:22:55,552 - gui_controller - INFO - Inserting recommendation for Calcium Hardness: Calcium hardness level is within ideal range
2025-07-18 08:22:55,558 - gui_controller - INFO - Inserting test result: 1, Cyanuric Acid, 25.0, ppm
2025-07-18 08:22:55,565 - gui_controller - INFO - Inserting recommendation for Cyanuric Acid: Maintain Cyanuric Acid at optimal levels
2025-07-18 08:22:55,570 - gui_controller - INFO - Inserting test result: 1, Salt, 2400.0, ppm
2025-07-18 08:22:55,576 - gui_controller - INFO - Inserting recommendation for Salt: Maintain Salt at optimal levels
2025-07-18 08:22:55,579 - gui_controller - INFO - Exporting test results to CSV for test ID: 1
2025-07-18 08:22:55,587 - gui_controller - INFO - Test results saved with ID 1
2025-07-18 08:36:28,827 - PoolApp - INFO - Configuration loaded from config.json
2025-07-18 08:36:28,855 - PoolApp - INFO - Initializing Pool Chemistry Application
2025-07-18 08:36:28,859 - database_service - INFO - Database Service initialized with SQLite3 at data/pool_data.db
2025-07-18 08:36:28,868 - database_service - INFO - Database initialized successfully
2025-07-18 08:36:28,871 - PoolApp - INFO - Database service initialized successfully
2025-07-18 08:36:28,878 - chemical_safety_database - INFO - Initializing Chemical Safety Database
2025-07-18 08:36:28,882 - chemical_safety_database - INFO - Loaded chemical safety data for 2 chemicals
2025-07-18 08:36:28,888 - PoolApp - INFO - Chemical safety database initialized successfully
2025-07-18 08:36:28,892 - test_strip_analyzer - INFO - Loaded calibration data from data/calibration.json
2025-07-18 08:36:28,900 - test_strip_analyzer - INFO - TestStripAnalyzer initialized with brand: default
2025-07-18 08:36:28,904 - PoolApp - INFO - Test strip analyzer initialized successfully
2025-07-18 08:36:28,910 - weather_service - INFO - Loaded weather cache from data/weather_cache.json
2025-07-18 08:36:28,914 - weather_service - INFO - Weather Service initialized for location: Florida
2025-07-18 08:36:28,920 - PoolApp - INFO - Weather service initialized successfully
2025-07-18 08:36:28,926 - gui_controller - INFO - ChemicalCalculator initialized
2025-07-18 08:36:28,933 - gui_controller - INFO - DatabaseManager initialized
2025-07-18 08:36:28,939 - gui_controller - INFO - PoolChemistryController initialized
2025-07-18 08:36:28,943 - PoolApp - INFO - Pool Chemistry Application initialized successfully
2025-07-18 08:36:28,946 - PoolApp - INFO - Starting GUI application
2025-07-18 08:36:29,067 - arduino_monitor - INFO - Initializing Arduino Monitor (Simplified)
2025-07-18 08:36:29,073 - arduino_monitor - INFO - Arduino Monitor initialized
2025-07-18 08:36:29,076 - PoolApp - INFO - Arduino Monitor initialized successfully
2025-07-18 08:36:31,076 - PoolApp - ERROR - Error refreshing customers: 'DatabaseService' object has no attribute 'get_all_customers'
2025-07-18 08:37:20,594 - PoolApp - ERROR - Error saving customer: 'DatabaseService' object has no attribute 'insert_customer'
2025-07-18 08:37:27,144 - PoolApp - ERROR - Error saving customer: 'DatabaseService' object has no attribute 'insert_customer'
2025-07-18 08:37:36,386 - test_strip_analyzer - ERROR - No image captured for analysis
2025-07-18 08:37:48,777 - weather_service - INFO - Removed weather cache file: data/weather_cache.json
2025-07-18 08:37:48,784 - weather_service - INFO - Weather cache cleared
2025-07-18 08:37:48,800 - weather_service - INFO - Saved weather cache to data/weather_cache.json
2025-07-18 08:37:48,807 - weather_service - INFO - Retrieved weather data for Florida
2025-07-18 08:37:48,820 - weather_service - INFO - Saved weather cache to data/weather_cache.json
2025-07-18 08:37:48,827 - weather_service - INFO - Retrieved 3-day forecast for Florida
2025-07-18 08:38:15,292 - gui_controller - INFO - Calculated chemicals for Concrete/Gunite pool
2025-07-18 08:38:15,347 - gui_controller - INFO - Inserting test for location: Unknown
2025-07-18 08:38:15,357 - gui_controller - INFO - Inserting test result: 1, pH, 6.0, 
2025-07-18 08:38:15,363 - gui_controller - INFO - Inserting recommendation for pH: Add pH increaser to raise pH level
2025-07-18 08:38:15,368 - gui_controller - INFO - Inserting test result: 1, Chlorine, 1.0, ppm
2025-07-18 08:38:15,372 - gui_controller - INFO - Inserting recommendation for Chlorine: Chlorine level is within ideal range
2025-07-18 08:38:15,379 - gui_controller - INFO - Inserting test result: 1, Alkalinity, 77.0, ppm
2025-07-18 08:38:15,381 - gui_controller - INFO - Inserting recommendation for Alkalinity: Add alkalinity increaser to raise level
2025-07-18 08:38:15,389 - gui_controller - INFO - Inserting test result: 1, Calcium Hardness, 200.0, ppm
2025-07-18 08:38:15,392 - gui_controller - INFO - Inserting recommendation for Calcium Hardness: Calcium hardness level is within ideal range
2025-07-18 08:38:15,397 - gui_controller - INFO - Inserting test result: 1, Cyanuric Acid, 22.0, ppm
2025-07-18 08:38:15,404 - gui_controller - INFO - Inserting recommendation for Cyanuric Acid: Maintain Cyanuric Acid at optimal levels
2025-07-18 08:38:15,407 - gui_controller - INFO - Inserting test result: 1, Salt, 2450.0, ppm
2025-07-18 08:38:15,414 - gui_controller - INFO - Inserting recommendation for Salt: Maintain Salt at optimal levels
2025-07-18 08:38:15,417 - gui_controller - INFO - Exporting test results to CSV for test ID: 1
2025-07-18 08:38:15,426 - gui_controller - INFO - Test results saved with ID 1
2025-07-18 08:38:22,874 - gui_controller - INFO - Calculated chemicals for Concrete/Gunite pool
2025-07-18 08:38:22,892 - gui_controller - INFO - Inserting test for location: Unknown
2025-07-18 08:38:22,897 - gui_controller - INFO - Inserting test result: 1, pH, 6.0, 
2025-07-18 08:38:22,907 - gui_controller - INFO - Inserting recommendation for pH: Add pH increaser to raise pH level
2025-07-18 08:38:22,916 - gui_controller - INFO - Inserting test result: 1, Chlorine, 1.0, ppm
2025-07-18 08:38:22,923 - gui_controller - INFO - Inserting recommendation for Chlorine: Chlorine level is within ideal range
2025-07-18 08:38:22,927 - gui_controller - INFO - Inserting test result: 1, Alkalinity, 77.0, ppm
2025-07-18 08:38:22,930 - gui_controller - INFO - Inserting recommendation for Alkalinity: Add alkalinity increaser to raise level
2025-07-18 08:38:22,939 - gui_controller - INFO - Inserting test result: 1, Calcium Hardness, 200.0, ppm
2025-07-18 08:38:22,943 - gui_controller - INFO - Inserting recommendation for Calcium Hardness: Calcium hardness level is within ideal range
2025-07-18 08:38:22,948 - gui_controller - INFO - Inserting test result: 1, Cyanuric Acid, 22.0, ppm
2025-07-18 08:38:22,951 - gui_controller - INFO - Inserting recommendation for Cyanuric Acid: Maintain Cyanuric Acid at optimal levels
2025-07-18 08:38:22,956 - gui_controller - INFO - Inserting test result: 1, Salt, 2450.0, ppm
2025-07-18 08:38:22,964 - gui_controller - INFO - Inserting recommendation for Salt: Maintain Salt at optimal levels
2025-07-18 08:38:22,973 - gui_controller - INFO - Exporting test results to CSV for test ID: 1
2025-07-18 08:38:22,977 - gui_controller - INFO - Test results saved with ID 1
2025-07-18 08:47:30,275 - PoolApp - INFO - Configuration loaded from config.json
2025-07-18 08:47:30,288 - PoolApp - INFO - Initializing Pool Chemistry Application
2025-07-18 08:47:30,317 - database_service - INFO - Database initialized successfully
2025-07-18 08:47:30,321 - database_service - INFO - Database Service initialized with SQLite3 at data/pool_data.db
2025-07-18 08:47:30,328 - PoolApp - INFO - Database service initialized successfully
2025-07-18 08:47:30,334 - chemical_safety_database - INFO - Initializing Chemical Safety Database
2025-07-18 08:47:30,337 - chemical_safety_database - INFO - Loaded chemical safety data for 2 chemicals
2025-07-18 08:47:30,345 - PoolApp - INFO - Chemical safety database initialized successfully
2025-07-18 08:47:30,351 - test_strip_analyzer - INFO - Loaded calibration data from data/calibration.json
2025-07-18 08:47:30,354 - test_strip_analyzer - INFO - TestStripAnalyzer initialized with brand: default
2025-07-18 08:47:30,362 - PoolApp - INFO - Test strip analyzer initialized successfully
2025-07-18 08:47:30,367 - weather_service - INFO - Loaded weather cache from data/weather_cache.json
2025-07-18 08:47:30,370 - weather_service - INFO - Weather Service initialized for location: Florida
2025-07-18 08:47:30,378 - PoolApp - INFO - Weather service initialized successfully
2025-07-18 08:47:30,382 - gui_controller - INFO - ChemicalCalculator initialized
2025-07-18 08:47:30,386 - gui_controller - INFO - DatabaseManager initialized
2025-07-18 08:47:30,392 - gui_controller - INFO - PoolChemistryController initialized
2025-07-18 08:47:30,401 - PoolApp - INFO - Pool Chemistry Application initialized successfully
2025-07-18 08:47:30,411 - PoolApp - INFO - Starting GUI application
2025-07-18 08:47:30,528 - arduino_monitor - INFO - Initializing Arduino Monitor (Simplified)
2025-07-18 08:47:30,535 - arduino_monitor - INFO - Arduino Monitor initialized
2025-07-18 08:47:30,538 - PoolApp - INFO - Arduino Monitor initialized successfully
2025-07-18 08:48:29,606 - test_strip_analyzer - ERROR - No image captured for analysis
2025-07-18 08:50:53,799 - gui_controller - INFO - Calculated chemicals for Concrete/Gunite pool
2025-07-18 08:50:53,809 - gui_controller - INFO - Inserting test for location: Unknown
2025-07-18 08:50:53,820 - gui_controller - INFO - Inserting test result: 1, pH, 7.2, 
2025-07-18 08:50:53,827 - gui_controller - INFO - Inserting recommendation for pH: pH level is within ideal range
2025-07-18 08:50:53,835 - gui_controller - INFO - Inserting test result: 1, Chlorine, 1.5, ppm
2025-07-18 08:50:53,844 - gui_controller - INFO - Inserting recommendation for Chlorine: Chlorine level is within ideal range
2025-07-18 08:50:53,853 - gui_controller - INFO - Inserting test result: 1, Alkalinity, 100.0, ppm
2025-07-18 08:50:53,863 - gui_controller - INFO - Inserting recommendation for Alkalinity: Alkalinity level is within ideal range
2025-07-18 08:50:53,868 - gui_controller - INFO - Inserting test result: 1, Calcium Hardness, 250.0, ppm
2025-07-18 08:50:53,879 - gui_controller - INFO - Inserting recommendation for Calcium Hardness: Calcium hardness level is within ideal range
2025-07-18 08:50:53,887 - gui_controller - INFO - Inserting test result: 1, Cyanuric Acid, 30.0, ppm
2025-07-18 08:50:53,895 - gui_controller - INFO - Inserting recommendation for Cyanuric Acid: Maintain Cyanuric Acid at optimal levels
2025-07-18 08:50:53,902 - gui_controller - INFO - Inserting test result: 1, Salt, 3000.0, ppm
2025-07-18 08:50:53,906 - gui_controller - INFO - Inserting recommendation for Salt: Maintain Salt at optimal levels
2025-07-18 08:50:53,912 - gui_controller - INFO - Exporting test results to CSV for test ID: 1
2025-07-18 08:50:53,919 - gui_controller - INFO - Test results saved with ID 1
2025-07-18 08:51:12,984 - gui_controller - INFO - Calculated chemicals for Concrete/Gunite pool
2025-07-18 08:51:13,006 - gui_controller - INFO - Inserting test for location: Unknown
2025-07-18 08:51:13,018 - gui_controller - INFO - Inserting test result: 1, pH, 6.0, 
2025-07-18 08:51:13,027 - gui_controller - INFO - Inserting recommendation for pH: Add pH increaser to raise pH level
2025-07-18 08:51:13,034 - gui_controller - INFO - Inserting test result: 1, Chlorine, 1.0, ppm
2025-07-18 08:51:13,038 - gui_controller - INFO - Inserting recommendation for Chlorine: Chlorine level is within ideal range
2025-07-18 08:51:13,043 - gui_controller - INFO - Inserting test result: 1, Alkalinity, 99.0, ppm
2025-07-18 08:51:13,054 - gui_controller - INFO - Inserting recommendation for Alkalinity: Alkalinity level is within ideal range
2025-07-18 08:51:13,060 - gui_controller - INFO - Inserting test result: 1, Calcium Hardness, 200.0, ppm
2025-07-18 08:51:13,069 - gui_controller - INFO - Inserting recommendation for Calcium Hardness: Calcium hardness level is within ideal range
2025-07-18 08:51:13,076 - gui_controller - INFO - Inserting test result: 1, Cyanuric Acid, 29.0, ppm
2025-07-18 08:51:13,080 - gui_controller - INFO - Inserting recommendation for Cyanuric Acid: Maintain Cyanuric Acid at optimal levels
2025-07-18 08:51:13,086 - gui_controller - INFO - Inserting test result: 1, Salt, 2400.0, ppm
2025-07-18 08:51:13,093 - gui_controller - INFO - Inserting recommendation for Salt: Maintain Salt at optimal levels
2025-07-18 08:51:13,102 - gui_controller - INFO - Exporting test results to CSV for test ID: 1
2025-07-18 08:51:13,110 - gui_controller - INFO - Test results saved with ID 1
2025-07-18 09:02:19,642 - PoolApp - INFO - Configuration loaded from config.json
2025-07-18 09:02:19,647 - PoolApp - INFO - Initializing Pool Chemistry Application
2025-07-18 09:02:19,655 - database_service - INFO - Database initialized successfully
2025-07-18 09:02:19,658 - database_service - INFO - Database Service initialized with SQLite3 at data/pool_data.db
2025-07-18 09:02:19,661 - PoolApp - INFO - Database service initialized successfully
2025-07-18 09:02:19,664 - chemical_safety_database - INFO - Initializing Chemical Safety Database
2025-07-18 09:02:19,669 - chemical_safety_database - INFO - Loaded chemical safety data for 2 chemicals
2025-07-18 09:02:19,672 - PoolApp - INFO - Chemical safety database initialized successfully
2025-07-18 09:02:19,678 - test_strip_analyzer - INFO - Loaded calibration data from data/calibration.json
2025-07-18 09:02:19,684 - test_strip_analyzer - INFO - TestStripAnalyzer initialized with brand: default
2025-07-18 09:02:19,691 - PoolApp - INFO - Test strip analyzer initialized successfully
2025-07-18 09:02:19,695 - weather_service - INFO - Loaded weather cache from data/weather_cache.json
2025-07-18 09:02:19,700 - weather_service - INFO - Weather Service initialized for location: Florida
2025-07-18 09:02:19,704 - PoolApp - INFO - Weather service initialized successfully
2025-07-18 09:02:19,707 - gui_controller - INFO - ChemicalCalculator initialized
2025-07-18 09:02:19,712 - gui_controller - INFO - DatabaseManager initialized
2025-07-18 09:02:19,717 - gui_controller - INFO - PoolChemistryController initialized
2025-07-18 09:02:19,723 - PoolApp - INFO - Pool Chemistry Application initialized successfully
2025-07-18 09:02:19,726 - PoolApp - INFO - Starting GUI application
2025-07-18 09:02:19,861 - PoolApp - ERROR - Error initializing Arduino Monitor: No module named 'arduino_monitor_app'
2025-07-18 09:02:19,868 - PoolApp - ERROR - Traceback (most recent call last):
  File "C:\Scripts\deepbluepool\pool_app.py", line 194, in run_gui
    from app.arduino_monitor import ArduinoMonitorApp
ImportError: cannot import name 'ArduinoMonitorApp' from 'app.arduino_monitor' (C:\Scripts\deepbluepool\app\arduino_monitor\__init__.py)

During handling of the above exception, another exception occurred:

Traceback (most recent call last):
  File "C:\Scripts\deepbluepool\pool_app.py", line 198, in run_gui
    from arduino_monitor import ArduinoMonitorApp
ModuleNotFoundError: No module named 'arduino_monitor'

During handling of the above exception, another exception occurred:

Traceback (most recent call last):
  File "C:\Scripts\deepbluepool\pool_app.py", line 201, in run_gui
    from arduino_monitor_app import ArduinoMonitorApp
ModuleNotFoundError: No module named 'arduino_monitor_app'

2025-07-18 09:03:02,542 - PoolApp - INFO - Configuration loaded from config.json
2025-07-18 09:03:02,561 - PoolApp - INFO - Initializing Pool Chemistry Application
2025-07-18 09:03:02,569 - database_service - INFO - Database initialized successfully
2025-07-18 09:03:02,574 - database_service - INFO - Database Service initialized with SQLite3 at data/pool_data.db
2025-07-18 09:03:02,577 - PoolApp - INFO - Database service initialized successfully
2025-07-18 09:03:02,584 - chemical_safety_database - INFO - Initializing Chemical Safety Database
2025-07-18 09:03:02,591 - chemical_safety_database - INFO - Loaded chemical safety data for 2 chemicals
2025-07-18 09:03:02,595 - PoolApp - INFO - Chemical safety database initialized successfully
2025-07-18 09:03:02,602 - test_strip_analyzer - INFO - Loaded calibration data from data/calibration.json
2025-07-18 09:03:02,607 - test_strip_analyzer - INFO - TestStripAnalyzer initialized with brand: default
2025-07-18 09:03:02,610 - PoolApp - INFO - Test strip analyzer initialized successfully
2025-07-18 09:03:02,618 - weather_service - INFO - Loaded weather cache from data/weather_cache.json
2025-07-18 09:03:02,622 - weather_service - INFO - Weather Service initialized for location: Florida
2025-07-18 09:03:02,629 - PoolApp - INFO - Weather service initialized successfully
2025-07-18 09:03:02,633 - gui_controller - INFO - ChemicalCalculator initialized
2025-07-18 09:03:02,641 - gui_controller - INFO - DatabaseManager initialized
2025-07-18 09:03:02,645 - gui_controller - INFO - PoolChemistryController initialized
2025-07-18 09:03:02,652 - PoolApp - INFO - Pool Chemistry Application initialized successfully
2025-07-18 09:03:02,655 - PoolApp - INFO - Starting GUI application
2025-07-18 09:03:02,774 - PoolApp - ERROR - Error initializing Arduino Monitor: No module named 'arduino_monitor_app'
2025-07-18 09:03:02,779 - PoolApp - ERROR - Traceback (most recent call last):
  File "C:\Scripts\deepbluepool\pool_app.py", line 194, in run_gui
    from app.arduino_monitor import ArduinoMonitorApp
ImportError: cannot import name 'ArduinoMonitorApp' from 'app.arduino_monitor' (C:\Scripts\deepbluepool\app\arduino_monitor\__init__.py)

During handling of the above exception, another exception occurred:

Traceback (most recent call last):
  File "C:\Scripts\deepbluepool\pool_app.py", line 198, in run_gui
    from arduino_monitor import ArduinoMonitorApp
ModuleNotFoundError: No module named 'arduino_monitor'

During handling of the above exception, another exception occurred:

Traceback (most recent call last):
  File "C:\Scripts\deepbluepool\pool_app.py", line 201, in run_gui
    from arduino_monitor_app import ArduinoMonitorApp
ModuleNotFoundError: No module named 'arduino_monitor_app'

2025-07-18 09:05:09,257 - PoolApp - INFO - Configuration loaded from config.json
2025-07-18 09:05:09,260 - PoolApp - INFO - Initializing Pool Chemistry Application
2025-07-18 09:05:09,264 - database_service - INFO - Database initialized successfully
2025-07-18 09:05:09,266 - database_service - INFO - Database Service initialized with SQLite3 at data/pool_data.db
2025-07-18 09:05:09,268 - PoolApp - INFO - Database service initialized successfully
2025-07-18 09:05:09,271 - chemical_safety_database - INFO - Initializing Chemical Safety Database
2025-07-18 09:05:09,273 - chemical_safety_database - INFO - Loaded chemical safety data for 2 chemicals
2025-07-18 09:05:09,275 - PoolApp - INFO - Chemical safety database initialized successfully
2025-07-18 09:05:09,278 - test_strip_analyzer - INFO - Loaded calibration data from data/calibration.json
2025-07-18 09:05:09,280 - test_strip_analyzer - INFO - TestStripAnalyzer initialized with brand: default
2025-07-18 09:05:09,284 - PoolApp - INFO - Test strip analyzer initialized successfully
2025-07-18 09:05:09,285 - weather_service - INFO - Loaded weather cache from data/weather_cache.json
2025-07-18 09:05:09,287 - weather_service - INFO - Weather Service initialized for location: Florida
2025-07-18 09:05:09,305 - PoolApp - INFO - Weather service initialized successfully
2025-07-18 09:05:09,307 - gui_controller - INFO - ChemicalCalculator initialized
2025-07-18 09:05:09,310 - gui_controller - INFO - DatabaseManager initialized
2025-07-18 09:05:09,311 - gui_controller - INFO - PoolChemistryController initialized
2025-07-18 09:05:09,314 - PoolApp - INFO - Pool Chemistry Application initialized successfully
2025-07-18 09:05:09,317 - PoolApp - INFO - Starting GUI application
2025-07-18 09:05:09,550 - PoolApp - INFO - Found 1 serial ports
2025-07-18 09:05:26,181 - PoolApp - INFO - Connected to Arduino on COM3
2025-07-18 09:05:47,002 - test_strip_analyzer - ERROR - No image captured for analysis
2025-07-18 09:07:53,478 - gui_controller - INFO - Calculated chemicals for Concrete/Gunite pool
2025-07-18 09:07:53,521 - gui_controller - INFO - Inserting test for location: Unknown
2025-07-18 09:07:53,529 - gui_controller - INFO - Inserting test result: 1, pH, 6.0, 
2025-07-18 09:07:53,537 - gui_controller - INFO - Inserting recommendation for pH: Add pH increaser to raise pH level
2025-07-18 09:07:53,545 - gui_controller - INFO - Inserting test result: 1, Chlorine, 1.0, ppm
2025-07-18 09:07:53,553 - gui_controller - INFO - Inserting recommendation for Chlorine: Chlorine level is within ideal range
2025-07-18 09:07:53,559 - gui_controller - INFO - Inserting test result: 1, Alkalinity, 99.0, ppm
2025-07-18 09:07:53,565 - gui_controller - INFO - Inserting recommendation for Alkalinity: Alkalinity level is within ideal range
2025-07-18 09:07:53,570 - gui_controller - INFO - Inserting test result: 1, Calcium Hardness, 200.0, ppm
2025-07-18 09:07:53,574 - gui_controller - INFO - Inserting recommendation for Calcium Hardness: Calcium hardness level is within ideal range
2025-07-18 09:07:53,580 - gui_controller - INFO - Inserting test result: 1, Cyanuric Acid, 29.0, ppm
2025-07-18 09:07:53,586 - gui_controller - INFO - Inserting recommendation for Cyanuric Acid: Maintain Cyanuric Acid at optimal levels
2025-07-18 09:07:53,592 - gui_controller - INFO - Inserting test result: 1, Salt, 3000.0, ppm
2025-07-18 09:07:53,595 - gui_controller - INFO - Inserting recommendation for Salt: Maintain Salt at optimal levels
2025-07-18 09:07:53,599 - gui_controller - INFO - Exporting test results to CSV for test ID: 1
2025-07-18 09:07:53,603 - gui_controller - INFO - Test results saved with ID 1
2025-07-18 09:07:53,605 - chemical_safety_database - WARNING - Chemical sodium_bicarbonate not found in safety database
2025-07-18 09:21:39,063 - weather_service - INFO - Removed weather cache file: data/weather_cache.json
2025-07-18 09:21:39,067 - weather_service - INFO - Weather cache cleared
2025-07-18 09:21:39,108 - weather_service - INFO - Saved weather cache to data/weather_cache.json
2025-07-18 09:21:39,115 - weather_service - INFO - Retrieved weather data for Florida
2025-07-18 09:21:39,129 - weather_service - INFO - Saved weather cache to data/weather_cache.json
2025-07-18 09:21:39,135 - weather_service - INFO - Retrieved 3-day forecast for Florida
2025-07-18 09:21:39,149 - PoolApp - INFO - Weather data refreshed
2025-07-18 09:21:48,944 - database_service - INFO - All database connections closed
2025-07-18 09:21:48,995 - weather_service - INFO - Removed weather cache file: data/weather_cache.json
2025-07-18 09:21:49,006 - weather_service - INFO - Weather cache cleared
2025-07-18 09:21:49,012 - PoolApp - INFO - Application resources cleaned up
2025-07-18 10:06:05,224 - PoolApp - INFO - Configuration loaded from config.json
2025-07-18 10:06:05,227 - PoolApp - INFO - Initializing Pool Chemistry Application
2025-07-18 10:06:05,231 - database_service - INFO - Database Service initialized with SQLite3 at data/pool_data.db
2025-07-18 10:06:05,243 - database_service - INFO - Database initialized successfully
2025-07-18 10:06:05,247 - PoolApp - INFO - Database service initialized successfully
2025-07-18 10:06:05,249 - chemical_safety_database - INFO - Initializing Chemical Safety Database
2025-07-18 10:06:05,251 - chemical_safety_database - INFO - Loaded chemical safety data for 2 chemicals
2025-07-18 10:06:05,253 - PoolApp - INFO - Chemical safety database initialized successfully
2025-07-18 10:06:05,255 - test_strip_analyzer - INFO - Initializing Test Strip Analyzer
2025-07-18 10:06:05,258 - test_strip_analyzer - INFO - Test Strip Analyzer initialized
2025-07-18 10:06:05,260 - PoolApp - INFO - Test strip analyzer initialized successfully
2025-07-18 10:06:05,263 - weather_service - INFO - Weather Service initialized for location: Florida
2025-07-18 10:06:05,264 - PoolApp - INFO - Weather service initialized successfully
2025-07-18 10:06:05,268 - gui_controller - INFO - ChemicalCalculator initialized
2025-07-18 10:06:05,270 - gui_controller - INFO - DatabaseManager initialized
2025-07-18 10:06:05,274 - gui_controller - INFO - PoolChemistryController initialized
2025-07-18 10:06:05,277 - PoolApp - INFO - Pool Chemistry Application initialized successfully
2025-07-18 10:06:05,280 - PoolApp - INFO - Starting GUI application
2025-07-18 10:06:05,401 - weather_service - INFO - Saved weather cache to data/weather_cache.json
2025-07-18 10:06:05,404 - weather_service - INFO - Retrieved weather data for Florida
2025-07-18 10:06:05,430 - database_service - ERROR - Failed to get customers: no such column: name
2025-07-18 10:06:05,447 - database_service - ERROR - Failed to get customers: no such column: name
2025-07-18 10:06:05,550 - PoolApp - INFO - Found 1 serial ports
2025-07-18 10:06:05,560 - weather_service - INFO - Saved weather cache to data/weather_cache.json
2025-07-18 10:06:05,563 - weather_service - INFO - Retrieved 3-day forecast for Florida
2025-07-18 10:08:26,874 - PoolApp - INFO - Configuration loaded from config.json
2025-07-18 10:08:26,878 - PoolApp - INFO - Initializing Pool Chemistry Application
2025-07-18 10:08:26,882 - database_service - INFO - Database Service initialized with SQLite3 at data/pool_data.db
2025-07-18 10:08:26,890 - database_service - INFO - Database initialized successfully
2025-07-18 10:08:26,893 - PoolApp - INFO - Database service initialized successfully
2025-07-18 10:08:26,896 - chemical_safety_database - INFO - Initializing Chemical Safety Database
2025-07-18 10:08:26,899 - chemical_safety_database - INFO - Loaded chemical safety data for 2 chemicals
2025-07-18 10:08:26,904 - PoolApp - INFO - Chemical safety database initialized successfully
2025-07-18 10:08:26,908 - test_strip_analyzer - INFO - Initializing Test Strip Analyzer
2025-07-18 10:08:26,912 - test_strip_analyzer - INFO - Test Strip Analyzer initialized
2025-07-18 10:08:26,915 - PoolApp - INFO - Test strip analyzer initialized successfully
2025-07-18 10:08:26,918 - weather_service - INFO - Loaded weather cache from data/weather_cache.json
2025-07-18 10:08:26,921 - weather_service - INFO - Weather Service initialized for location: Florida
2025-07-18 10:08:26,926 - PoolApp - INFO - Weather service initialized successfully
2025-07-18 10:08:26,929 - gui_controller - INFO - ChemicalCalculator initialized
2025-07-18 10:08:26,932 - gui_controller - INFO - DatabaseManager initialized
2025-07-18 10:08:26,934 - gui_controller - INFO - PoolChemistryController initialized
2025-07-18 10:08:26,937 - PoolApp - INFO - Pool Chemistry Application initialized successfully
2025-07-18 10:08:26,941 - PoolApp - INFO - Starting GUI application
2025-07-18 10:08:27,075 - database_service - ERROR - Failed to get customers: no such column: name
2025-07-18 10:08:27,093 - database_service - ERROR - Failed to get customers: no such column: name
2025-07-18 10:08:27,206 - PoolApp - INFO - Found 1 serial ports
2025-07-18 10:08:37,418 - PoolApp - INFO - Connected to Arduino on COM3
2025-07-18 10:08:40,739 - PoolApp - INFO - Found 1 serial ports
2025-07-18 10:08:42,258 - PoolApp - INFO - Found 1 serial ports
2025-07-18 10:08:46,745 - PoolApp - INFO - Started Arduino monitoring
2025-07-18 10:09:17,662 - test_strip_analyzer - ERROR - Error analyzing image: 'x'
2025-07-18 10:09:17,709 - test_strip_analyzer - ERROR - Traceback (most recent call last):
  File "C:\Scripts\deepbluepool\test_strip_analyzer.py", line 423, in analyze
    x, y, width, height = zone["x"], zone["y"], zone["width"], zone["height"]
KeyError: 'x'

2025-07-18 10:12:01,593 - PoolApp - INFO - Found 1 serial ports
2025-07-18 10:28:42,452 - database_service - INFO - All database connections closed
2025-07-18 10:28:42,456 - test_strip_analyzer - INFO - Image cache cleared
2025-07-18 10:28:42,461 - weather_service - INFO - Removed weather cache file: data/weather_cache.json
2025-07-18 10:28:42,465 - weather_service - INFO - Weather cache cleared
2025-07-18 10:28:42,469 - PoolApp - INFO - Application resources cleaned up
2025-07-18 10:30:08,350 - PoolApp - INFO - Configuration loaded from config.json
2025-07-18 10:30:08,354 - PoolApp - INFO - Initializing Pool Chemistry Application
2025-07-18 10:30:08,358 - database_service - INFO - Database Service initialized with SQLite3 at data/pool_data.db
2025-07-18 10:30:08,360 - database_service - INFO - Database initialized successfully
2025-07-18 10:30:08,363 - PoolApp - INFO - Database service initialized successfully
2025-07-18 10:30:08,365 - chemical_safety_database - INFO - Initializing Chemical Safety Database
2025-07-18 10:30:08,368 - chemical_safety_database - INFO - Loaded chemical safety data for 2 chemicals
2025-07-18 10:30:08,370 - PoolApp - INFO - Chemical safety database initialized successfully
2025-07-18 10:30:08,373 - test_strip_analyzer - INFO - Initializing Test Strip Analyzer
2025-07-18 10:30:08,375 - test_strip_analyzer - INFO - Test Strip Analyzer initialized
2025-07-18 10:30:08,377 - PoolApp - INFO - Test strip analyzer initialized successfully
2025-07-18 10:30:08,380 - weather_service - INFO - Weather Service initialized for location: Florida
2025-07-18 10:30:08,382 - PoolApp - INFO - Weather service initialized successfully
2025-07-18 10:30:08,384 - gui_controller - INFO - ChemicalCalculator initialized
2025-07-18 10:30:08,386 - gui_controller - INFO - DatabaseManager initialized
2025-07-18 10:30:08,388 - gui_controller - INFO - PoolChemistryController initialized
2025-07-18 10:30:08,391 - PoolApp - INFO - Pool Chemistry Application initialized successfully
2025-07-18 10:30:08,395 - PoolApp - INFO - Starting GUI application
2025-07-18 10:30:08,503 - weather_service - INFO - Saved weather cache to data/weather_cache.json
2025-07-18 10:30:08,506 - weather_service - INFO - Retrieved weather data for Florida
2025-07-18 10:30:08,530 - database_service - ERROR - Failed to get customers: no such column: name
2025-07-18 10:30:08,541 - database_service - ERROR - Failed to get customers: no such column: name
2025-07-18 10:30:08,640 - PoolApp - INFO - Found 1 serial ports
2025-07-18 10:30:08,653 - weather_service - INFO - Saved weather cache to data/weather_cache.json
2025-07-18 10:30:08,656 - weather_service - INFO - Retrieved 3-day forecast for Florida
